[debug] [2024-05-26T12:21:55.205Z] ----------------------------------------------------------------------
[debug] [2024-05-26T12:21:55.207Z] Command:       C:\Program Files\nodejs\node.exe C:\Users\donov\AppData\Roaming\npm\node_modules\firebase-tools\lib\bin\firebase.js init
[debug] [2024-05-26T12:21:55.208Z] CLI Version:   13.10.1
[debug] [2024-05-26T12:21:55.208Z] Platform:      win32
[debug] [2024-05-26T12:21:55.208Z] Node Version:  v20.12.2
[debug] [2024-05-26T12:21:55.208Z] Time:          Sun May 26 2024 14:21:55 GMT+0200 (South Africa Standard Time)
[debug] [2024-05-26T12:21:55.208Z] ----------------------------------------------------------------------
[debug] 
[debug] [2024-05-26T12:21:55.211Z] >>> [apiv2][query] GET https://firebase-public.firebaseio.com/cli.json [none]
[debug] [2024-05-26T12:21:55.265Z] > command requires scopes: ["email","openid","https://www.googleapis.com/auth/cloudplatformprojects.readonly","https://www.googleapis.com/auth/firebase","https://www.googleapis.com/auth/cloud-platform"]
[debug] [2024-05-26T12:21:55.266Z] > authorizing via signed-in user (donovangarethlemos@gmail.com)
[info] 
     ######## #### ########  ######## ########     ###     ######  ########
     ##        ##  ##     ## ##       ##     ##  ##   ##  ##       ##
     ######    ##  ########  ######   ########  #########  ######  ######
     ##        ##  ##    ##  ##       ##     ## ##     ##       ## ##
     ##       #### ##     ## ######## ########  ##     ##  ######  ########

You're about to initialize a Firebase project in this directory:

  C:\Users\donov\Documents\Code College Bootcamp\React\Expense-Tracker\expense_tracker

[debug] [2024-05-26T12:21:55.849Z] <<< [apiv2][status] GET https://firebase-public.firebaseio.com/cli.json 200
[debug] [2024-05-26T12:21:55.849Z] <<< [apiv2][body] GET https://firebase-public.firebaseio.com/cli.json {"cloudBuildErrorAfter":1594252800000,"cloudBuildWarnAfter":1590019200000,"defaultNode10After":1594252800000,"minVersion":"3.0.5","node8DeploysDisabledAfter":1613390400000,"node8RuntimeDisabledAfter":1615809600000,"node8WarnAfter":1600128000000}
